# JRE version: Java(TM) SE Runtime Environment (19.0.1+10) (build 19.0.1+10-21)
# Java VM: Java HotSpot(TM) 64-Bit Server VM (19.0.1+10-21, mixed mode, sharing, tiered, compressed oops, compressed class ptrs, g1 gc, windows-amd64)
GC Precious Log:
 CardTable entry size: 512
 Card Set container configuration: InlinePtr #cards 5 size 8 Array Of Cards #cards 12 size 40 Howl #buckets 4 coarsen threshold 1843 Howl Bitmap #cards 512 size 80 coarsen threshold 460 Card regions per heap region 1 cards per card region 2048
 CPUs: 8 total, 8 available
 Memory: 8112M
 Large Page Support: Disabled
 NUMA Support: Disabled
 Compressed Oops: Enabled (32-bit)
 Heap Region Size: 1M
 Heap Min Capacity: 8M
 Heap Initial Capacity: 128M
 Heap Max Capacity: 2030M
 Pre-touch: Disabled
 Parallel Workers: 8
 Concurrent Workers: 2
 Concurrent Refinement Workers: 8
 Periodic GC: Disabled
Heap:
 garbage-first heap   total 131072K, used 79040K [0x0000000081200000, 0x0000000100000000)
  region size 1024K, 37 young (37888K), 7 survivors (7168K)
 Metaspace       used 18452K, committed 18752K, reserved 1114112K
  class space    used 2431K, committed 2560K, reserved 1048576K
GC Heap History (6 events):
Event: 1.764 GC heap before
{Heap before GC invocations=0 (full 0):
 garbage-first heap   total 131072K, used 22528K [0x0000000081200000, 0x0000000100000000)
  region size 1024K, 23 young (23552K), 0 survivors (0K)
 Metaspace       used 5809K, committed 6016K, reserved 1114112K
  class space    used 705K, committed 832K, reserved 1048576K
}
Event: 1.768 GC heap after
{Heap after GC invocations=1 (full 0):
 garbage-first heap   total 131072K, used 2789K [0x0000000081200000, 0x0000000100000000)
  region size 1024K, 3 young (3072K), 3 survivors (3072K)
 Metaspace       used 5809K, committed 6016K, reserved 1114112K
  class space    used 705K, committed 832K, reserved 1048576K
}
Event: 34.951 GC heap before
{Heap before GC invocations=1 (full 0):
 garbage-first heap   total 131072K, used 47845K [0x0000000081200000, 0x0000000100000000)
  region size 1024K, 37 young (37888K), 3 survivors (3072K)
 Metaspace       used 14693K, committed 14976K, reserved 1114112K
  class space    used 2163K, committed 2304K, reserved 1048576K
}
Event: 34.966 GC heap after
{Heap after GC invocations=2 (full 0):
 garbage-first heap   total 131072K, used 18174K [0x0000000081200000, 0x0000000100000000)
  region size 1024K, 5 young (5120K), 5 survivors (5120K)
 Metaspace       used 14693K, committed 14976K, reserved 1114112K
  class space    used 2163K, committed 2304K, reserved 1048576K
}
Event: 215.491 GC heap before
{Heap before GC invocations=2 (full 0):
 garbage-first heap   total 131072K, used 113406K [0x0000000081200000, 0x0000000100000000)
  region size 1024K, 76 young (77824K), 5 survivors (5120K)
 Metaspace       used 18297K, committed 18624K, reserved 1114112K
  class space    used 2429K, committed 2560K, reserved 1048576K
}
Event: 215.503 GC heap after
{Heap after GC invocations=3 (full 0):
 garbage-first heap   total 131072K, used 43200K [0x0000000081200000, 0x0000000100000000)
  region size 1024K, 7 young (7168K), 7 survivors (7168K)
 Metaspace       used 18297K, committed 18624K, reserved 1114112K
  class space    used 2429K, committed 2560K, reserved 1048576K
}

